<?xml version="1.0" encoding="UTF-8"?>
<!-- Generated by org.testng.reporters.JUnitXMLReporter -->
<testsuite ignored="0" hostname="Mallika" failures="1" tests="2" name="Test(failed)" time="39.03" errors="0" timestamp="2024-04-03T11:20:03 IST">
  <testcase classname="testCases.TC_002_LoginTest" name="verify_Login" time="8.657"/>
  <testcase classname="testCases.TC_001_AccountRegistrationTest" name="verify_account_registration" time="4.565">
    <failure type="java.lang.AssertionError" message="expected [Your Account Has Been Created!)))] but found [Your Account Has Been Created!]">
      <![CDATA[java.lang.AssertionError: expected [Your Account Has Been Created!)))] but found [Your Account Has Been Created!]
at testCases.TC_001_AccountRegistrationTest.verify_account_registration(TC_001_AccountRegistrationTest.java:51)
at java.base/java.util.ArrayList.forEach(ArrayList.java:1596)
... Removed 31 stack frames]]>
    </failure>
  </testcase> <!-- verify_account_registration -->
</testsuite> <!-- Test(failed) -->
